app/build/intermediates/manifest_merge_blame_file/debug/manifest-merger-blame-debug-report.txt
1<?xml version="1.0" encoding="utf-8"?>
2<manifest xmlns:android="http://schemas.android.com/apk/res/android"
3    package="com.im.nothuman.talkingMorse"
4    android:versionCode="1"
5    android:versionName="1.0" >
6
7    <uses-sdk
8        android:minSdkVersion="21"
8-->src\main\AndroidManifest.xml
9        android:targetSdkVersion="26" />
9-->src\main\AndroidManifest.xml
10
11    <uses-permission android:name="android.permission.WRITE_EXTERNAL_STORAGE" />
11-->src\main\AndroidManifest.xml:60:5-81
11-->src\main\AndroidManifest.xml:60:22-78
12    <uses-permission android:name="android.permission.INTERNET" />
12-->src\main\AndroidManifest.xml:61:5-67
12-->src\main\AndroidManifest.xml:61:22-64
13    <uses-permission android:name="android.permission.VIBRATE" />
13-->src\main\AndroidManifest.xml:62:5-65
13-->src\main\AndroidManifest.xml:62:22-63
14    <uses-permission android:name="android.permission.READ_EXTERNAL_STORAGE" />
14-->src\main\AndroidManifest.xml:63:5-80
14-->src\main\AndroidManifest.xml:63:22-77
15    <uses-permission android:name="android.permission.ACCESS_NETWORK_STATE" />
15-->[com.google.firebase:firebase-iid:11.8.0] AndroidManifest.xml:22:5-79
15-->[com.google.firebase:firebase-iid:11.8.0] AndroidManifest.xml:22:22-76
16    <uses-permission android:name="android.permission.WAKE_LOCK" /> <!-- Required by older versions of Google Play services to create IID tokens -->
16-->[com.google.firebase:firebase-iid:11.8.0] AndroidManifest.xml:24:5-68
16-->[com.google.firebase:firebase-iid:11.8.0] AndroidManifest.xml:24:22-65
17    <uses-permission android:name="com.google.android.c2dm.permission.RECEIVE" />
17-->[com.google.firebase:firebase-iid:11.8.0] AndroidManifest.xml:26:5-82
17-->[com.google.firebase:firebase-iid:11.8.0] AndroidManifest.xml:26:22-79
18
19    <permission
19-->[com.google.firebase:firebase-iid:11.8.0] AndroidManifest.xml:28:5-30:47
20        android:name="com.im.nothuman.talkingMorse.permission.C2D_MESSAGE"
20-->[com.google.firebase:firebase-iid:11.8.0] AndroidManifest.xml:29:9-63
21        android:protectionLevel="signature" />
21-->[com.google.firebase:firebase-iid:11.8.0] AndroidManifest.xml:30:9-44
22
23    <uses-permission android:name="com.im.nothuman.talkingMorse.permission.C2D_MESSAGE" />
23-->[com.google.firebase:firebase-iid:11.8.0] AndroidManifest.xml:32:5-79
23-->[com.google.firebase:firebase-iid:11.8.0] AndroidManifest.xml:32:22-76
24
25    <meta-data
25-->[com.android.support:design:26.0.2] AndroidManifest.xml:26:9-28:38
26        android:name="android.support.VERSION"
26-->[com.android.support:design:26.0.2] AndroidManifest.xml:27:13-51
27        android:value="25.3.1" />
27-->[com.android.support:design:26.0.2] AndroidManifest.xml:28:13-35
28
29    <application
29-->src\main\AndroidManifest.xml:5:5-59:19
30        android:name="com.im.nothuman.talkingMorse.talkingmorse"
30-->src\main\AndroidManifest.xml:6:9-65
31        android:allowBackup="true"
31-->src\main\AndroidManifest.xml:7:9-35
32        android:debuggable="true"
33        android:icon="@mipmap/icon_3"
33-->src\main\AndroidManifest.xml:8:9-38
34        android:label="@string/app_name"
34-->src\main\AndroidManifest.xml:9:9-41
35        android:roundIcon="@mipmap/icon_3"
35-->src\main\AndroidManifest.xml:10:9-43
36        android:supportsRtl="true"
36-->src\main\AndroidManifest.xml:11:9-35
37        android:testOnly="true"
38        android:theme="@style/AppTheme" >
38-->src\main\AndroidManifest.xml:12:9-40
39        <activity android:name="com.im.nothuman.talkingMorse.chat2_Activity" />
39-->src\main\AndroidManifest.xml:13:9-89
39-->src\main\AndroidManifest.xml:13:19-77
40        <activity android:name="com.im.nothuman.talkingMorse.MainActivity" >
40-->src\main\AndroidManifest.xml:15:9-21:20
40-->src\main\AndroidManifest.xml:15:19-75
41            <intent-filter>
41-->src\main\AndroidManifest.xml:16:13-20:29
42                <action android:name="android.intent.action.MAIN" />
42-->src\main\AndroidManifest.xml:17:17-69
42-->src\main\AndroidManifest.xml:17:25-66
43
44                <category android:name="android.intent.category.LAUNCHER" />
44-->src\main\AndroidManifest.xml:19:17-77
44-->src\main\AndroidManifest.xml:19:27-74
45            </intent-filter>
46        </activity>
47        <activity android:name="com.im.nothuman.talkingMorse.StartActivity" />
47-->src\main\AndroidManifest.xml:23:9-79
47-->src\main\AndroidManifest.xml:23:19-76
48        <activity
48-->src\main\AndroidManifest.xml:24:9-26:87
49            android:name="com.im.nothuman.talkingMorse.RegisterActivity"
49-->src\main\AndroidManifest.xml:25:13-73
50            android:parentActivityName="com.im.nothuman.talkingMorse.StartActivity" />
50-->src\main\AndroidManifest.xml:26:13-84
51        <activity
51-->src\main\AndroidManifest.xml:27:9-29:87
52            android:name="com.im.nothuman.talkingMorse.LoginActivity"
52-->src\main\AndroidManifest.xml:28:13-70
53            android:parentActivityName="com.im.nothuman.talkingMorse.StartActivity" />
53-->src\main\AndroidManifest.xml:29:13-84
54        <activity android:name="com.im.nothuman.talkingMorse.SettingsActivity" />
54-->src\main\AndroidManifest.xml:30:9-82
54-->src\main\AndroidManifest.xml:30:19-79
55        <activity
55-->src\main\AndroidManifest.xml:31:9-33:90
56            android:name="com.im.nothuman.talkingMorse.StatusActivity"
56-->src\main\AndroidManifest.xml:32:13-71
57            android:parentActivityName="com.im.nothuman.talkingMorse.SettingsActivity" />
57-->src\main\AndroidManifest.xml:33:13-87
58        <activity android:name="com.theartofdev.edmodo.cropper.CropImageActivity" />
58-->src\main\AndroidManifest.xml:34:9-36:16
58-->src\main\AndroidManifest.xml:35:13-76
59        <activity
59-->src\main\AndroidManifest.xml:37:9-39:86
60            android:name="com.im.nothuman.talkingMorse.UsersActivity"
60-->src\main\AndroidManifest.xml:38:13-70
61            android:parentActivityName="com.im.nothuman.talkingMorse.MainActivity" />
61-->src\main\AndroidManifest.xml:39:13-83
62        <activity android:name="com.im.nothuman.talkingMorse.ProfileActivity" >
62-->src\main\AndroidManifest.xml:40:9-46:20
62-->src\main\AndroidManifest.xml:40:19-78
63            <intent-filter>
63-->src\main\AndroidManifest.xml:41:13-45:29
64                <action android:name="in.tvac.akshaye.lapitchat_TARGET_NOTIFICATION" />
64-->src\main\AndroidManifest.xml:42:17-88
64-->src\main\AndroidManifest.xml:42:25-85
65
66                <category android:name="android.intent.category.DEFAULT" />
66-->src\main\AndroidManifest.xml:44:17-76
66-->src\main\AndroidManifest.xml:44:27-73
67            </intent-filter>
68        </activity>
69        <activity
69-->src\main\AndroidManifest.xml:47:9-49:86
70            android:name="com.im.nothuman.talkingMorse.ChatActivity"
70-->src\main\AndroidManifest.xml:48:13-69
71            android:parentActivityName="com.im.nothuman.talkingMorse.MainActivity" />
71-->src\main\AndroidManifest.xml:49:13-83
72        <activity android:name="com.im.nothuman.talkingMorse.activity_select_time" />
72-->src\main\AndroidManifest.xml:50:9-86
72-->src\main\AndroidManifest.xml:50:19-83
73        <activity
73-->src\main\AndroidManifest.xml:51:9-53:86
74            android:name="com.im.nothuman.talkingMorse.user_schedule"
74-->src\main\AndroidManifest.xml:52:13-70
75            android:parentActivityName="com.im.nothuman.talkingMorse.MainActivity" />
75-->src\main\AndroidManifest.xml:53:13-83
76
77        <service android:name="com.im.nothuman.talkingMorse.FirebaseMessagingService" >
77-->src\main\AndroidManifest.xml:54:9-58:19
77-->src\main\AndroidManifest.xml:54:18-86
78            <intent-filter>
78-->src\main\AndroidManifest.xml:55:13-57:29
79                <action android:name="com.google.firebase.MESSAGING_EVENT" />
79-->src\main\AndroidManifest.xml:56:17-78
79-->src\main\AndroidManifest.xml:56:25-75
80            </intent-filter>
81        </service>
82
83        <meta-data
83-->[com.android.support:design:26.0.2] AndroidManifest.xml:26:9-28:38
84            android:name="android.support.VERSION"
84-->[com.android.support:design:26.0.2] AndroidManifest.xml:27:13-51
85            android:value="26.0.2" />
85-->[com.android.support:design:26.0.2] AndroidManifest.xml:28:13-35
86        <meta-data
86-->[com.firebaseui:firebase-ui-database:1.2.0] AndroidManifest.xml:14:9-16:69
87            android:name="com.google.android.gms.version"
87-->[com.firebaseui:firebase-ui-database:1.2.0] AndroidManifest.xml:15:13-58
88            android:value="@integer/google_play_services_version" />
88-->[com.firebaseui:firebase-ui-database:1.2.0] AndroidManifest.xml:16:13-66
89
90        <activity
90-->[com.google.firebase:firebase-auth:11.8.0] AndroidManifest.xml:23:9-29:75
91            android:name="com.google.firebase.auth.internal.FederatedSignInActivity"
91-->[com.google.firebase:firebase-auth:11.8.0] AndroidManifest.xml:24:13-85
92            android:excludeFromRecents="true"
92-->[com.google.firebase:firebase-auth:11.8.0] AndroidManifest.xml:25:13-46
93            android:exported="true"
93-->[com.google.firebase:firebase-auth:11.8.0] AndroidManifest.xml:26:13-36
94            android:launchMode="singleInstance"
94-->[com.google.firebase:firebase-auth:11.8.0] AndroidManifest.xml:27:13-48
95            android:permission="com.google.firebase.auth.api.gms.permission.LAUNCH_FEDERATED_SIGN_IN"
95-->[com.google.firebase:firebase-auth:11.8.0] AndroidManifest.xml:28:13-102
96            android:theme="@android:style/Theme.Translucent.NoTitleBar" />
96-->[com.google.firebase:firebase-auth:11.8.0] AndroidManifest.xml:29:13-72
97        <!--
98             FirebaseMessagingService performs security checks at runtime,
99             no need for explicit permissions despite exported="true"
100        -->
101        <service
101-->[com.google.firebase:firebase-messaging:11.8.0] AndroidManifest.xml:28:9-34:19
102            android:name="com.google.firebase.messaging.FirebaseMessagingService"
102-->[com.google.firebase:firebase-messaging:11.8.0] AndroidManifest.xml:29:13-82
103            android:exported="true" >
103-->[com.google.firebase:firebase-messaging:11.8.0] AndroidManifest.xml:30:13-36
104            <intent-filter android:priority="-500" >
104-->src\main\AndroidManifest.xml:55:13-57:29
105                <action android:name="com.google.firebase.MESSAGING_EVENT" />
105-->src\main\AndroidManifest.xml:56:17-78
105-->src\main\AndroidManifest.xml:56:25-75
106            </intent-filter>
107        </service>
108
109        <activity
109-->[com.google.android.gms:play-services-base:11.8.0] AndroidManifest.xml:23:9-26:75
110            android:name="com.google.android.gms.common.api.GoogleApiActivity"
110-->[com.google.android.gms:play-services-base:11.8.0] AndroidManifest.xml:24:13-79
111            android:exported="false"
111-->[com.google.android.gms:play-services-base:11.8.0] AndroidManifest.xml:25:13-37
112            android:theme="@android:style/Theme.Translucent.NoTitleBar" />
112-->[com.google.android.gms:play-services-base:11.8.0] AndroidManifest.xml:26:13-72
113
114        <receiver
114-->[com.google.firebase:firebase-iid:11.8.0] AndroidManifest.xml:35:9-44:20
115            android:name="com.google.firebase.iid.FirebaseInstanceIdReceiver"
115-->[com.google.firebase:firebase-iid:11.8.0] AndroidManifest.xml:36:13-78
116            android:exported="true"
116-->[com.google.firebase:firebase-iid:11.8.0] AndroidManifest.xml:37:13-36
117            android:permission="com.google.android.c2dm.permission.SEND" >
117-->[com.google.firebase:firebase-iid:11.8.0] AndroidManifest.xml:38:13-73
118            <intent-filter>
118-->[com.google.firebase:firebase-iid:11.8.0] AndroidManifest.xml:39:13-43:29
119                <action android:name="com.google.android.c2dm.intent.RECEIVE" />
119-->[com.google.firebase:firebase-iid:11.8.0] AndroidManifest.xml:40:17-81
119-->[com.google.firebase:firebase-iid:11.8.0] AndroidManifest.xml:40:25-78
120
121                <category android:name="com.im.nothuman.talkingMorse" />
121-->[com.google.firebase:firebase-iid:11.8.0] AndroidManifest.xml:42:17-61
121-->[com.google.firebase:firebase-iid:11.8.0] AndroidManifest.xml:42:27-58
122            </intent-filter>
123        </receiver>
124        <!--
125             FirebaseInstanceIdService performs security checks at runtime,
126             no need for explicit permissions despite exported="true"
127        -->
128        <service
128-->[com.google.firebase:firebase-iid:11.8.0] AndroidManifest.xml:50:9-56:19
129            android:name="com.google.firebase.iid.FirebaseInstanceIdService"
129-->[com.google.firebase:firebase-iid:11.8.0] AndroidManifest.xml:51:13-77
130            android:exported="true" >
130-->[com.google.firebase:firebase-iid:11.8.0] AndroidManifest.xml:52:13-36
131            <intent-filter android:priority="-500" >
131-->[com.google.firebase:firebase-iid:11.8.0] AndroidManifest.xml:53:13-55:29
131-->[com.google.firebase:firebase-iid:11.8.0] AndroidManifest.xml:53:28-51
132                <action android:name="com.google.firebase.INSTANCE_ID_EVENT" />
132-->[com.google.firebase:firebase-iid:11.8.0] AndroidManifest.xml:54:17-80
132-->[com.google.firebase:firebase-iid:11.8.0] AndroidManifest.xml:54:25-77
133            </intent-filter>
134        </service>
135
136        <provider
136-->[com.google.firebase:firebase-common:11.8.0] AndroidManifest.xml:8:9-12:39
137            android:name="com.google.firebase.provider.FirebaseInitProvider"
137-->[com.google.firebase:firebase-common:11.8.0] AndroidManifest.xml:9:13-77
138            android:authorities="com.im.nothuman.talkingMorse.firebaseinitprovider"
138-->[com.google.firebase:firebase-common:11.8.0] AndroidManifest.xml:10:13-72
139            android:exported="false"
139-->[com.google.firebase:firebase-common:11.8.0] AndroidManifest.xml:11:13-37
140            android:initOrder="100" />
140-->[com.google.firebase:firebase-common:11.8.0] AndroidManifest.xml:12:13-36
141    </application>
142
143</manifest>